c:\users\momen mostafa\desktop\forecasting\forecasting\x64\debug\vc143.pdb
c:\users\momen mostafa\desktop\forecasting\forecasting\x64\debug\vc143.idb
c:\users\momen mostafa\desktop\forecasting\forecasting\x64\debug\node.obj
c:\users\momen mostafa\desktop\forecasting\forecasting\x64\debug\forecasting.obj
c:\users\momen mostafa\desktop\forecasting\forecasting\x64\debug\client.obj
c:\users\momen mostafa\desktop\forest-fire-forecasting\forecasting\x64\debug\vc143.pdb
c:\users\momen mostafa\desktop\forest-fire-forecasting\forecasting\x64\debug\vc143.idb
c:\users\momen mostafa\desktop\forest-fire-forecasting\forecasting\x64\debug\node.obj
c:\users\momen mostafa\desktop\forest-fire-forecasting\forecasting\x64\debug\forecasting.obj
c:\users\momen mostafa\desktop\forest-fire-forecasting\forecasting\x64\debug\client.obj
c:\users\momen mostafa\desktop\forecasting\forecasting\x64\debug\forecasting.ilk
c:\users\momen mostafa\desktop\forecasting\forecasting\x64\debug\forecasting.exe
c:\users\momen mostafa\desktop\forecasting\forecasting\x64\debug\forecasting.pdb
c:\users\momen mostafa\desktop\forest-fire-forecasting\forecasting\x64\debug\forecasting.exe
c:\users\momen mostafa\desktop\forest-fire-forecasting\forecasting\x64\debug\forecasting.ilk
c:\users\momen mostafa\desktop\forest-fire-forecasting\forecasting\x64\debug\forecasting.pdb
c:\users\momen mostafa\desktop\forest-fire-forecasting\forecasting\x64\debug\unittest2.exp
c:\users\momen mostafa\desktop\forest-fire-forecasting\forecasting\x64\debug\unittest2.pdb
c:\users\momen mostafa\desktop\forest-fire-forecasting\forecasting\x64\debug\forecasting.tlog\cl.command.1.tlog
c:\users\momen mostafa\desktop\forest-fire-forecasting\forecasting\x64\debug\forecasting.tlog\cl.read.1.tlog
c:\users\momen mostafa\desktop\forest-fire-forecasting\forecasting\x64\debug\forecasting.tlog\cl.write.1.tlog
c:\users\momen mostafa\desktop\forest-fire-forecasting\forecasting\x64\debug\forecasting.tlog\link.command.1.tlog
c:\users\momen mostafa\desktop\forest-fire-forecasting\forecasting\x64\debug\forecasting.tlog\link.read.1.tlog
c:\users\momen mostafa\desktop\forest-fire-forecasting\forecasting\x64\debug\forecasting.tlog\link.write.1.tlog
